f:\vscmccs\chatappclient\chatappclient\x64\debug\chatappclient.pch
f:\vscmccs\chatappclient\chatappclient\x64\debug\vc143.pdb
f:\vscmccs\chatappclient\chatappclient\x64\debug\vc143.idb
f:\vscmccs\chatappclient\chatappclient\x64\debug\pch.obj
f:\vscmccs\chatappclient\chatappclient\x64\debug\registerdlg.obj
f:\vscmccs\chatappclient\chatappclient\x64\debug\logindlg.obj
f:\vscmccs\chatappclient\chatappclient\x64\debug\chatappclientdlg.obj
f:\vscmccs\chatappclient\chatappclient\x64\debug\chatappclient.obj
f:\vscmccs\chatappclient\x64\debug\chatappclient.exe
f:\vscmccs\chatappclient\x64\debug\chatappclient.pdb
f:\vscmccs\chatappclient\chatappclient\x64\debug\chatappclient.res
f:\vscmccs\chatappclient\chatappclient\x64\debug\chatappclient.ilk
f:\vscmccs\chatappclient\chatappclient\x64\debug\chatappclient.tlog\cl.command.1.tlog
f:\vscmccs\chatappclient\chatappclient\x64\debug\chatappclient.tlog\cl.items.tlog
f:\vscmccs\chatappclient\chatappclient\x64\debug\chatappclient.tlog\cl.read.1.tlog
f:\vscmccs\chatappclient\chatappclient\x64\debug\chatappclient.tlog\cl.write.1.tlog
f:\vscmccs\chatappclient\chatappclient\x64\debug\chatappclient.tlog\link.command.1.tlog
f:\vscmccs\chatappclient\chatappclient\x64\debug\chatappclient.tlog\link.read.1.tlog
f:\vscmccs\chatappclient\chatappclient\x64\debug\chatappclient.tlog\link.secondary.1.tlog
f:\vscmccs\chatappclient\chatappclient\x64\debug\chatappclient.tlog\link.write.1.tlog
f:\vscmccs\chatappclient\chatappclient\x64\debug\chatappclient.tlog\rc.command.1.tlog
f:\vscmccs\chatappclient\chatappclient\x64\debug\chatappclient.tlog\rc.read.1.tlog
f:\vscmccs\chatappclient\chatappclient\x64\debug\chatappclient.tlog\rc.write.1.tlog
